  hmmsearch -> /Users/macleand/mamba/envs/sni-pipeline/bin/hmmsearch
  mkdssp -> /Users/macleand/mamba/envs/sni-pipeline/bin/mkdssp
=== 2026-04-24T11:49:25Z  AF_benchmark (1 protein-seed dirs) ===
   exit=0  1 xlsx
=== 2026-04-24T11:49:30Z  Benchmarks (6 protein-seed dirs) ===
   exit=0  1 xlsx
=== 2026-04-24T11:49:35Z  CC (16 protein-seed dirs) ===
   exit=0  1 xlsx
=== 2026-04-24T11:49:44Z  CCG10 (12 protein-seed dirs) ===
   exit=0  1 xlsx
=== 2026-04-24T11:49:52Z  CCR (4 protein-seed dirs) ===
   exit=0  1 xlsx
=== 2026-04-24T11:49:56Z  NRC2_tetramers (10 protein-seed dirs) ===
   exit=0  1 xlsx
=== 2026-04-24T11:50:02Z  NRC2_pentamers (10 protein-seed dirs) ===
   exit=0  1 xlsx
=== 2026-04-24T11:50:09Z  NRC2_hexamers (10 protein-seed dirs) ===
   exit=0  1 xlsx
=== 2026-04-24T11:50:18Z  NRC2_heptamers (10 protein-seed dirs) ===
   exit=0  1 xlsx
=== 2026-04-24T11:50:27Z  NRC2_octamers (10 protein-seed dirs) ===
   exit=0  1 xlsx
=== done 2026-04-24T11:50:38Z ===
