# hmmsearch :: search profile(s) against a sequence database
# HMMER 3.4 (Aug 2023); http://hmmer.org/
# Copyright (C) 2023 Howard Hughes Medical Institute.
# Freely distributed under the BSD open source license.
# - - - - - - - - - - - - - - - - - - - - - - - - - - - - - - - - - - - -
# query HMM file:                  /Users/macleand/Desktop/sni_paper/SolNRCH_foldome/structural_analysis/main/MADA.hmm
# target sequence database:        /Users/macleand/Desktop/sni_paper/sni_ml/results/004_full_run/NRC2_tetramers/hmm/sequences.fasta
# per-dom hits tabular output:     /Users/macleand/Desktop/sni_paper/sni_ml/results/004_full_run/NRC2_tetramers/hmm/hmmsearch_domtbl.out
# show alignments in output:       no
# sequence reporting threshold:    E-value <= 0.01
# - - - - - - - - - - - - - - - - - - - - - - - - - - - - - - - - - - - -

Query:       MADA  [M=21]
Scores for complete sequences (score includes all domains):
   --- full sequence ---   --- best 1 domain ---    -#dom-
    E-value  score  bias    E-value  score  bias    exp  N  Sequence                    Description
    ------- ------ -----    ------- ------ -----   ---- --  --------                    -----------
    7.4e-10   25.0   0.8    1.9e-09   23.7   0.8    1.8  1  nbnrc2a_ccnbarc_tetra_oleic  


Domain annotation for each sequence:
>> nbnrc2a_ccnbarc_tetra_oleic  
   #    score  bias  c-Evalue  i-Evalue hmmfrom  hmm to    alifrom  ali to    envfrom  env to     acc
 ---   ------ ----- --------- --------- ------- -------    ------- -------    ------- -------    ----
   1 !   23.7   0.8   1.9e-09   1.9e-09       1      21 []       1      21 [.       1      21 [. 0.98



Internal pipeline statistics summary:
-------------------------------------
Query model(s):                            1  (21 nodes)
Target sequences:                          1  (498 residues searched)
Passed MSV filter:                         1  (1); expected 0.0 (0.02)
Passed bias filter:                        1  (1); expected 0.0 (0.02)
Passed Vit filter:                         1  (1); expected 0.0 (0.001)
Passed Fwd filter:                         1  (1); expected 0.0 (1e-05)
Initial search space (Z):                  1  [actual number of targets]
Domain search space  (domZ):               1  [number of targets reported over threshold]
# CPU time: 0.00u 0.00s 00:00:00.00 Elapsed: 00:00:00.00
# Mc/sec: 53.97
//
[ok]
