# hmmsearch :: search profile(s) against a sequence database
# HMMER 3.4 (Aug 2023); http://hmmer.org/
# Copyright (C) 2023 Howard Hughes Medical Institute.
# Freely distributed under the BSD open source license.
# - - - - - - - - - - - - - - - - - - - - - - - - - - - - - - - - - - - -
# query HMM file:                  /Users/macleand/Desktop/sni_paper/SolNRCH_foldome/structural_analysis/main/MADA.hmm
# target sequence database:        /Users/macleand/Desktop/sni_paper/sni_ml/results/004_full_run/CCR/hmm/sequences.fasta
# per-dom hits tabular output:     /Users/macleand/Desktop/sni_paper/sni_ml/results/004_full_run/CCR/hmm/hmmsearch_domtbl.out
# show alignments in output:       no
# sequence reporting threshold:    E-value <= 0.01
# - - - - - - - - - - - - - - - - - - - - - - - - - - - - - - - - - - - -

Query:       MADA  [M=21]
Scores for complete sequences (score includes all domains):
   --- full sequence ---   --- best 1 domain ---    -#dom-
    E-value  score  bias    E-value  score  bias    exp  N  Sequence Description
    ------- ------ -----    ------- ------ -----   ---- --  -------- -----------

   [No hits detected that satisfy reporting thresholds]


Domain annotation for each sequence:

   [No targets detected that satisfy reporting thresholds]


Internal pipeline statistics summary:
-------------------------------------
Query model(s):                            1  (21 nodes)
Target sequences:                          4  (2071 residues searched)
Passed MSV filter:                         0  (0); expected 0.1 (0.02)
Passed bias filter:                        0  (0); expected 0.1 (0.02)
Passed Vit filter:                         0  (0); expected 0.0 (0.001)
Passed Fwd filter:                         0  (0); expected 0.0 (1e-05)
Initial search space (Z):                  4  [actual number of targets]
Domain search space  (domZ):               0  [number of targets reported over threshold]
# CPU time: 0.00u 0.00s 00:00:00.00 Elapsed: 00:00:00.00
# Mc/sec: 371.85
//
[ok]
