  No HMM hit for pit_ccnbarc_penta_oleic, falling back to DSSP for α1
  No HMM hit for ptr1_ccnbarc_penta_oleic, falling back to DSSP for α1
  No HMM hit for pm2a_ccnbarc_penta_oleic, falling back to DSSP for α1
  No HMM hit for pit_ccnbarc_hexa_oleic, falling back to DSSP for α1
  No HMM hit for ptr1_ccnbarc_hexa_oleic, falling back to DSSP for α1
  No NB-ARC annotation found for hrt1_ccnbarc_penta_oleic, falling back to first 4 helices for CC domain
  No NB-ARC annotation found for pit_ccnbarc_penta_oleic, falling back to first 4 helices for CC domain
  No HMM hit for pm2a_ccnbarc_hexa_oleic, falling back to DSSP for α1
  No NB-ARC annotation found for ptr1_ccnbarc_penta_oleic, falling back to first 4 helices for CC domain
  No NB-ARC annotation found for pm2a_ccnbarc_penta_oleic, falling back to first 4 helices for CC domain
  No NB-ARC annotation found for pit_ccnbarc_hexa_oleic, falling back to first 4 helices for CC domain
  No NB-ARC annotation found for hrt1_ccnbarc_hexa_oleic, falling back to first 4 helices for CC domain
  No NB-ARC annotation found for ptr1_ccnbarc_hexa_oleic, falling back to first 4 helices for CC domain
  No NB-ARC annotation found for pm2a_ccnbarc_hexa_oleic, falling back to first 4 helices for CC domain
  No HMM hit for r3a_ccnbarc_penta_oleic, falling back to DSSP for α1
  No HMM hit for rpi_blb1_ccnbarc_penta_oleic, falling back to DSSP for α1
  No HMM hit for r3a_ccnbarc_hexa_oleic, falling back to DSSP for α1
  No HMM hit for rpi_blb1_ccnbarc_hexa_oleic, falling back to DSSP for α1
  No NB-ARC annotation found for r3a_ccnbarc_penta_oleic, falling back to first 4 helices for CC domain
  No NB-ARC annotation found for rpi_blb1_ccnbarc_penta_oleic, falling back to first 4 helices for CC domain
  No HMM hit for rpm1_ccnbarc_penta_oleic, falling back to DSSP for α1
  No HMM hit for rz2_ccnbarc_penta_oleic, falling back to DSSP for α1
  No HMM hit for rz2_ccnbarc_hexa_oleic, falling back to DSSP for α1
  No HMM hit for rpm1_ccnbarc_hexa_oleic, falling back to DSSP for α1
  No NB-ARC annotation found for r3a_ccnbarc_hexa_oleic, falling back to first 4 helices for CC domain
  No NB-ARC annotation found for rpi_blb1_ccnbarc_hexa_oleic, falling back to first 4 helices for CC domain
  No NB-ARC annotation found for rpm1_ccnbarc_penta_oleic, falling back to first 4 helices for CC domain
  No NB-ARC annotation found for rz2_ccnbarc_penta_oleic, falling back to first 4 helices for CC domain
  No NB-ARC annotation found for rz2_ccnbarc_hexa_oleic, falling back to first 4 helices for CC domain
  No NB-ARC annotation found for rpm1_ccnbarc_hexa_oleic, falling back to first 4 helices for CC domain
