# hmmsearch :: search profile(s) against a sequence database
# HMMER 3.4 (Aug 2023); http://hmmer.org/
# Copyright (C) 2023 Howard Hughes Medical Institute.
# Freely distributed under the BSD open source license.
# - - - - - - - - - - - - - - - - - - - - - - - - - - - - - - - - - - - -
# query HMM file:                  /Users/macleand/Desktop/sni_paper/SolNRCH_foldome/structural_analysis/main/MADA.hmm
# target sequence database:        /Users/macleand/Desktop/sni_paper/sni_ml/results/004_full_run/CC/hmm/sequences.fasta
# per-dom hits tabular output:     /Users/macleand/Desktop/sni_paper/sni_ml/results/004_full_run/CC/hmm/hmmsearch_domtbl.out
# show alignments in output:       no
# sequence reporting threshold:    E-value <= 0.01
# - - - - - - - - - - - - - - - - - - - - - - - - - - - - - - - - - - - -

Query:       MADA  [M=21]
Scores for complete sequences (score includes all domains):
   --- full sequence ---   --- best 1 domain ---    -#dom-
    E-value  score  bias    E-value  score  bias    exp  N  Sequence                 Description
    ------- ------ -----    ------- ------ -----   ---- --  --------                 -----------
    1.1e-10   31.3   0.0    3.6e-10   29.7   0.0    1.9  1  hrt1_ccnbarc_hexa_oleic   
    1.1e-10   31.3   0.0    3.6e-10   29.7   0.0    1.9  1  hrt1_ccnbarc_penta_oleic  


Domain annotation for each sequence:
>> hrt1_ccnbarc_hexa_oleic  
   #    score  bias  c-Evalue  i-Evalue hmmfrom  hmm to    alifrom  ali to    envfrom  env to     acc
 ---   ------ ----- --------- --------- ------- -------    ------- -------    ------- -------    ----
   1 !   29.7   0.0   4.6e-11   3.6e-10       1      20 [.       1      20 [.       1      21 [. 0.96

>> hrt1_ccnbarc_penta_oleic  
   #    score  bias  c-Evalue  i-Evalue hmmfrom  hmm to    alifrom  ali to    envfrom  env to     acc
 ---   ------ ----- --------- --------- ------- -------    ------- -------    ------- -------    ----
   1 !   29.7   0.0   4.6e-11   3.6e-10       1      20 [.       1      20 [.       1      21 [. 0.96



Internal pipeline statistics summary:
-------------------------------------
Query model(s):                            1  (21 nodes)
Target sequences:                         16  (8234 residues searched)
Passed MSV filter:                        10  (0.625); expected 0.3 (0.02)
Passed bias filter:                       10  (0.625); expected 0.3 (0.02)
Passed Vit filter:                        10  (0.625); expected 0.0 (0.001)
Passed Fwd filter:                         2  (0.125); expected 0.0 (1e-05)
Initial search space (Z):                 16  [actual number of targets]
Domain search space  (domZ):               2  [number of targets reported over threshold]
# CPU time: 0.00u 0.00s 00:00:00.00 Elapsed: 00:00:00.00
# Mc/sec: 303.47
//
[ok]
